2025-01-17T14:55:46.689+01:00  INFO 2404 --- [restartedMain] com.auraai.AuraAiApplication             : Starting AuraAiApplication using Java 23.0.1 with PID 2404 (C:\Users\ROG STRIX\Downloads\_AuraAI\AuraAI\target\classes started by ROG STRIX in C:\Users\ROG STRIX\Downloads\_AuraAI\AuraAI)
2025-01-17T14:55:46.700+01:00 DEBUG 2404 --- [restartedMain] com.auraai.AuraAiApplication             : Running with Spring Boot v3.4.1, Spring v6.2.1
2025-01-17T14:55:46.701+01:00  INFO 2404 --- [restartedMain] com.auraai.AuraAiApplication             : No active profile set, falling back to 1 default profile: "default"
2025-01-17T14:55:46.952+01:00  INFO 2404 --- [restartedMain] .e.DevToolsPropertyDefaultsPostProcessor : Devtools property defaults active! Set 'spring.devtools.add-properties' to 'false' to disable
2025-01-17T14:55:46.952+01:00  INFO 2404 --- [restartedMain] .e.DevToolsPropertyDefaultsPostProcessor : For additional web related logging consider setting the 'logging.level.web' property to 'DEBUG'
2025-01-17T14:55:47.926+01:00  INFO 2404 --- [restartedMain] .s.d.r.c.RepositoryConfigurationDelegate : Bootstrapping Spring Data JPA repositories in DEFAULT mode.
2025-01-17T14:55:47.950+01:00  INFO 2404 --- [restartedMain] .s.d.r.c.RepositoryConfigurationDelegate : Finished Spring Data repository scanning in 13 ms. Found 0 JPA repository interfaces.
2025-01-17T14:55:48.726+01:00  INFO 2404 --- [restartedMain] o.s.b.w.embedded.tomcat.TomcatWebServer  : Tomcat initialized with port 8080 (http)
2025-01-17T14:55:48.754+01:00  INFO 2404 --- [restartedMain] o.apache.catalina.core.StandardService   : Starting service [Tomcat]
2025-01-17T14:55:48.754+01:00  INFO 2404 --- [restartedMain] o.apache.catalina.core.StandardEngine    : Starting Servlet engine: [Apache Tomcat/10.1.34]
2025-01-17T14:55:48.835+01:00  INFO 2404 --- [restartedMain] o.a.c.c.C.[Tomcat].[localhost].[/]       : Initializing Spring embedded WebApplicationContext
2025-01-17T14:55:48.835+01:00  INFO 2404 --- [restartedMain] w.s.c.ServletWebServerApplicationContext : Root WebApplicationContext: initialization completed in 1882 ms
2025-01-17T14:55:49.126+01:00  INFO 2404 --- [restartedMain] o.hibernate.jpa.internal.util.LogHelper  : HHH000204: Processing PersistenceUnitInfo [name: default]
2025-01-17T14:55:49.246+01:00  INFO 2404 --- [restartedMain] org.hibernate.Version                    : HHH000412: Hibernate ORM core version 6.6.4.Final
2025-01-17T14:55:49.306+01:00  INFO 2404 --- [restartedMain] o.h.c.internal.RegionFactoryInitiator    : HHH000026: Second-level cache disabled
2025-01-17T14:55:49.583+01:00  INFO 2404 --- [restartedMain] o.s.o.j.p.SpringPersistenceUnitInfo      : No LoadTimeWeaver setup: ignoring JPA class transformer
2025-01-17T14:55:49.613+01:00  INFO 2404 --- [restartedMain] com.zaxxer.hikari.HikariDataSource       : HikariPool-1 - Starting...
2025-01-17T14:55:50.060+01:00  INFO 2404 --- [restartedMain] com.zaxxer.hikari.pool.HikariPool        : HikariPool-1 - Added connection com.mysql.cj.jdbc.ConnectionImpl@157a157d
2025-01-17T14:55:50.062+01:00  INFO 2404 --- [restartedMain] com.zaxxer.hikari.HikariDataSource       : HikariPool-1 - Start completed.
2025-01-17T14:55:50.158+01:00  INFO 2404 --- [restartedMain] org.hibernate.orm.connections.pooling    : HHH10001005: Database info:
	Database JDBC URL [Connecting through datasource 'HikariDataSource (HikariPool-1)']
	Database driver: undefined/unknown
	Database version: 9.1
	Autocommit mode: undefined/unknown
	Isolation level: undefined/unknown
	Minimum pool size: undefined/unknown
	Maximum pool size: undefined/unknown
2025-01-17T14:55:50.494+01:00  INFO 2404 --- [restartedMain] o.h.e.t.j.p.i.JtaPlatformInitiator       : HHH000489: No JTA platform available (set 'hibernate.transaction.jta.platform' to enable JTA platform integration)
2025-01-17T14:55:50.500+01:00  INFO 2404 --- [restartedMain] j.LocalContainerEntityManagerFactoryBean : Initialized JPA EntityManagerFactory for persistence unit 'default'
2025-01-17T14:55:50.779+01:00  WARN 2404 --- [restartedMain] JpaBaseConfiguration$JpaWebConfiguration : spring.jpa.open-in-view is enabled by default. Therefore, database queries may be performed during view rendering. Explicitly configure spring.jpa.open-in-view to disable this warning
2025-01-17T14:55:50.821+01:00  INFO 2404 --- [restartedMain] o.s.b.a.w.s.WelcomePageHandlerMapping    : Adding welcome page: class path resource [static/index.html]
2025-01-17T14:55:51.681+01:00  INFO 2404 --- [restartedMain] o.s.b.d.a.OptionalLiveReloadServer       : LiveReload server is running on port 35729
2025-01-17T14:55:51.705+01:00  INFO 2404 --- [restartedMain] o.s.b.w.embedded.tomcat.TomcatWebServer  : Tomcat started on port 8080 (http) with context path '/'
2025-01-17T14:55:51.716+01:00  INFO 2404 --- [restartedMain] com.auraai.AuraAiApplication             : Started AuraAiApplication in 5.476 seconds (process running for 9.825)
2025-01-17T14:55:51.721+01:00  INFO 2404 --- [restartedMain] com.auraai.AuraAiApplication             : AuraAI Application started successfully!
2025-01-17T14:56:32.709+01:00  INFO 2404 --- [http-nio-8080-exec-1] o.a.c.c.C.[Tomcat].[localhost].[/]       : Initializing Spring DispatcherServlet 'dispatcherServlet'
2025-01-17T14:56:32.709+01:00  INFO 2404 --- [http-nio-8080-exec-1] o.s.web.servlet.DispatcherServlet        : Initializing Servlet 'dispatcherServlet'
2025-01-17T14:56:32.710+01:00  INFO 2404 --- [http-nio-8080-exec-1] o.s.web.servlet.DispatcherServlet        : Completed initialization in 1 ms
2025-01-17T14:56:41.383+01:00  INFO 2404 --- [http-nio-8080-exec-1] o.springdoc.api.AbstractOpenApiResource  : Init duration for springdoc-openapi is: 166 ms
2025-01-17T15:11:15.408+01:00  INFO 2404 --- [SpringApplicationShutdownHook] o.s.b.w.e.tomcat.GracefulShutdown        : Commencing graceful shutdown. Waiting for active requests to complete
2025-01-17T15:11:15.415+01:00  INFO 2404 --- [tomcat-shutdown] o.s.b.w.e.tomcat.GracefulShutdown        : Graceful shutdown complete
2025-01-17T15:11:15.420+01:00  INFO 2404 --- [SpringApplicationShutdownHook] j.LocalContainerEntityManagerFactoryBean : Closing JPA EntityManagerFactory for persistence unit 'default'
2025-01-17T15:11:15.424+01:00  INFO 2404 --- [SpringApplicationShutdownHook] com.zaxxer.hikari.HikariDataSource       : HikariPool-1 - Shutdown initiated...
2025-01-17T15:11:15.433+01:00  INFO 2404 --- [SpringApplicationShutdownHook] com.zaxxer.hikari.HikariDataSource       : HikariPool-1 - Shutdown completed.
2025-01-17T15:19:25.002+01:00  INFO 6052 --- [restartedMain] com.auraai.AuraAiApplication             : Starting AuraAiApplication using Java 23.0.1 with PID 6052 (C:\Users\ROG STRIX\Downloads\_AuraAI\AuraAI\target\classes started by ROG STRIX in C:\Users\ROG STRIX\Downloads\_AuraAI\AuraAI)
2025-01-17T15:19:25.004+01:00 DEBUG 6052 --- [restartedMain] com.auraai.AuraAiApplication             : Running with Spring Boot v3.4.1, Spring v6.2.1
2025-01-17T15:19:25.005+01:00  INFO 6052 --- [restartedMain] com.auraai.AuraAiApplication             : No active profile set, falling back to 1 default profile: "default"
2025-01-17T15:19:25.257+01:00  INFO 6052 --- [restartedMain] .e.DevToolsPropertyDefaultsPostProcessor : Devtools property defaults active! Set 'spring.devtools.add-properties' to 'false' to disable
2025-01-17T15:19:25.258+01:00  INFO 6052 --- [restartedMain] .e.DevToolsPropertyDefaultsPostProcessor : For additional web related logging consider setting the 'logging.level.web' property to 'DEBUG'
2025-01-17T15:19:26.150+01:00  INFO 6052 --- [restartedMain] .s.d.r.c.RepositoryConfigurationDelegate : Bootstrapping Spring Data JPA repositories in DEFAULT mode.
2025-01-17T15:19:26.170+01:00  INFO 6052 --- [restartedMain] .s.d.r.c.RepositoryConfigurationDelegate : Finished Spring Data repository scanning in 11 ms. Found 0 JPA repository interfaces.
2025-01-17T15:19:26.858+01:00  INFO 6052 --- [restartedMain] o.s.b.w.embedded.tomcat.TomcatWebServer  : Tomcat initialized with port 8080 (http)
2025-01-17T15:19:26.878+01:00  INFO 6052 --- [restartedMain] o.apache.catalina.core.StandardService   : Starting service [Tomcat]
2025-01-17T15:19:26.879+01:00  INFO 6052 --- [restartedMain] o.apache.catalina.core.StandardEngine    : Starting Servlet engine: [Apache Tomcat/10.1.34]
2025-01-17T15:19:26.948+01:00  INFO 6052 --- [restartedMain] o.a.c.c.C.[Tomcat].[localhost].[/]       : Initializing Spring embedded WebApplicationContext
2025-01-17T15:19:26.949+01:00  INFO 6052 --- [restartedMain] w.s.c.ServletWebServerApplicationContext : Root WebApplicationContext: initialization completed in 1690 ms
2025-01-17T15:19:27.221+01:00  INFO 6052 --- [restartedMain] o.hibernate.jpa.internal.util.LogHelper  : HHH000204: Processing PersistenceUnitInfo [name: default]
2025-01-17T15:19:27.316+01:00  INFO 6052 --- [restartedMain] org.hibernate.Version                    : HHH000412: Hibernate ORM core version 6.6.4.Final
2025-01-17T15:19:27.356+01:00  INFO 6052 --- [restartedMain] o.h.c.internal.RegionFactoryInitiator    : HHH000026: Second-level cache disabled
2025-01-17T15:19:27.623+01:00  INFO 6052 --- [restartedMain] o.s.o.j.p.SpringPersistenceUnitInfo      : No LoadTimeWeaver setup: ignoring JPA class transformer
2025-01-17T15:19:27.648+01:00  INFO 6052 --- [restartedMain] com.zaxxer.hikari.HikariDataSource       : HikariPool-1 - Starting...
2025-01-17T15:19:27.948+01:00  INFO 6052 --- [restartedMain] com.zaxxer.hikari.pool.HikariPool        : HikariPool-1 - Added connection com.mysql.cj.jdbc.ConnectionImpl@4cd76f68
2025-01-17T15:19:27.950+01:00  INFO 6052 --- [restartedMain] com.zaxxer.hikari.HikariDataSource       : HikariPool-1 - Start completed.
2025-01-17T15:19:28.036+01:00  INFO 6052 --- [restartedMain] org.hibernate.orm.connections.pooling    : HHH10001005: Database info:
	Database JDBC URL [Connecting through datasource 'HikariDataSource (HikariPool-1)']
	Database driver: undefined/unknown
	Database version: 9.1
	Autocommit mode: undefined/unknown
	Isolation level: undefined/unknown
	Minimum pool size: undefined/unknown
	Maximum pool size: undefined/unknown
2025-01-17T15:19:28.368+01:00  INFO 6052 --- [restartedMain] o.h.e.t.j.p.i.JtaPlatformInitiator       : HHH000489: No JTA platform available (set 'hibernate.transaction.jta.platform' to enable JTA platform integration)
2025-01-17T15:19:28.374+01:00  INFO 6052 --- [restartedMain] j.LocalContainerEntityManagerFactoryBean : Initialized JPA EntityManagerFactory for persistence unit 'default'
2025-01-17T15:19:28.612+01:00  WARN 6052 --- [restartedMain] JpaBaseConfiguration$JpaWebConfiguration : spring.jpa.open-in-view is enabled by default. Therefore, database queries may be performed during view rendering. Explicitly configure spring.jpa.open-in-view to disable this warning
2025-01-17T15:19:28.639+01:00  INFO 6052 --- [restartedMain] o.s.b.a.w.s.WelcomePageHandlerMapping    : Adding welcome page: class path resource [static/index.html]
2025-01-17T15:19:29.344+01:00  INFO 6052 --- [restartedMain] o.s.b.d.a.OptionalLiveReloadServer       : LiveReload server is running on port 35729
2025-01-17T15:19:29.369+01:00  INFO 6052 --- [restartedMain] o.s.b.w.embedded.tomcat.TomcatWebServer  : Tomcat started on port 8080 (http) with context path '/'
2025-01-17T15:19:29.379+01:00  INFO 6052 --- [restartedMain] com.auraai.AuraAiApplication             : Started AuraAiApplication in 4.834 seconds (process running for 5.369)
2025-01-17T15:19:29.383+01:00  INFO 6052 --- [restartedMain] com.auraai.AuraAiApplication             : AuraAI Application started successfully!
2025-01-17T15:19:32.585+01:00  INFO 6052 --- [http-nio-8080-exec-1] o.a.c.c.C.[Tomcat].[localhost].[/]       : Initializing Spring DispatcherServlet 'dispatcherServlet'
2025-01-17T15:19:32.585+01:00  INFO 6052 --- [http-nio-8080-exec-1] o.s.web.servlet.DispatcherServlet        : Initializing Servlet 'dispatcherServlet'
2025-01-17T15:19:32.587+01:00  INFO 6052 --- [http-nio-8080-exec-1] o.s.web.servlet.DispatcherServlet        : Completed initialization in 2 ms
2025-01-17T15:19:32.938+01:00  INFO 6052 --- [http-nio-8080-exec-2] o.springdoc.api.AbstractOpenApiResource  : Init duration for springdoc-openapi is: 182 ms
2025-01-17T15:21:45.357+01:00  INFO 6052 --- [SpringApplicationShutdownHook] o.s.b.w.e.tomcat.GracefulShutdown        : Commencing graceful shutdown. Waiting for active requests to complete
2025-01-17T15:21:45.364+01:00  INFO 6052 --- [tomcat-shutdown] o.s.b.w.e.tomcat.GracefulShutdown        : Graceful shutdown complete
2025-01-17T15:21:45.368+01:00  INFO 6052 --- [SpringApplicationShutdownHook] j.LocalContainerEntityManagerFactoryBean : Closing JPA EntityManagerFactory for persistence unit 'default'
2025-01-17T15:21:45.372+01:00  INFO 6052 --- [SpringApplicationShutdownHook] com.zaxxer.hikari.HikariDataSource       : HikariPool-1 - Shutdown initiated...
2025-01-17T15:21:45.380+01:00  INFO 6052 --- [SpringApplicationShutdownHook] com.zaxxer.hikari.HikariDataSource       : HikariPool-1 - Shutdown completed.
